<?xml version="1.0" encoding="UTF-8"?>
<!-- Generated by org.testng.reporters.JUnitXMLReporter -->
<testsuite ignored="4" hostname="Navichinna" failures="0" tests="1" name="TestHomePage" time="47.665" errors="0" timestamp="2023-10-12T15:02:09 IST">
  <testcase classname="com.testpage.HomePageTest" name="Home_Page_Test" time="40.752"/>
  <testcase classname="com.redbus.Base.BaseTest" name="@BeforeTest getnameMethod" time="0.0">
    <ignored/>
  </testcase> <!-- @BeforeTest getnameMethod -->
  <testcase classname="com.redbus.Base.BaseTest" name="@AfterTest closeBrowser" time="0.0">
    <ignored/>
  </testcase> <!-- @AfterTest closeBrowser -->
  <testcase classname="com.redbus.Base.BaseTest" name="@BeforeSuite InitalizeExtentReport" time="0.0">
    <ignored/>
  </testcase> <!-- @BeforeSuite InitalizeExtentReport -->
  <testcase classname="com.redbus.Base.BaseTest" name="@AfterSuite generateReports" time="0.0">
    <ignored/>
  </testcase> <!-- @AfterSuite generateReports -->
</testsuite> <!-- TestHomePage -->
