<?xml version="1.0" encoding="UTF-8"?>
<testng-results ignored="0" total="1" passed="1" failed="0" skipped="0">
  <reporter-output>
  </reporter-output>
  <suite started-at="2023-10-12T16:06:16 IST" name="Default suite" finished-at="2023-10-12T16:06:37 IST" duration-ms="20694">
    <groups>
    </groups>
    <test started-at="2023-10-12T16:06:16 IST" name="Default test" finished-at="2023-10-12T16:06:37 IST" duration-ms="20694">
      <class name="com.testpage.HomePageTest">
        <test-method is-config="true" signature="InitalizeExtentReport()[pri:0, instance:com.testpage.HomePageTest@1a75e76a]" started-at="2023-10-12T16:06:16 IST" name="InitalizeExtentReport" finished-at="2023-10-12T16:06:16 IST" duration-ms="260" status="PASS">
          <reporter-output>
          </reporter-output>
        </test-method> <!-- InitalizeExtentReport -->
        <test-method is-config="true" signature="getnameMethod(org.testng.ITestContext)[pri:0, instance:com.testpage.HomePageTest@1a75e76a]" started-at="2023-10-12T16:06:16 IST" name="getnameMethod" finished-at="2023-10-12T16:06:16 IST" duration-ms="7" status="PASS">
          <params>
            <param index="0">
              <value>
                <![CDATA[org.testng.TestRunner@58606c91]]>
              </value>
            </param>
          </params>
          <reporter-output>
          </reporter-output>
        </test-method> <!-- getnameMethod -->
        <test-method is-config="true" signature="test()[pri:0, instance:com.testpage.HomePageTest@1a75e76a]" started-at="2023-10-12T16:06:16 IST" name="test" finished-at="2023-10-12T16:06:22 IST" depends-on-methods="com.redbus.Base.BaseTest.getnameMethod" duration-ms="6241" status="PASS">
          <reporter-output>
          </reporter-output>
        </test-method> <!-- test -->
        <test-method signature="Home_Page_Test()[pri:0, instance:com.testpage.HomePageTest@1a75e76a]" started-at="2023-10-12T16:06:22 IST" name="Home_Page_Test" finished-at="2023-10-12T16:06:35 IST" duration-ms="12964" status="PASS">
          <reporter-output>
          </reporter-output>
        </test-method> <!-- Home_Page_Test -->
        <test-method is-config="true" signature="generateTestStatus(java.lang.reflect.Method,org.testng.ITestResult)[pri:0, instance:com.testpage.HomePageTest@1a75e76a]" started-at="2023-10-12T16:06:35 IST" name="generateTestStatus" finished-at="2023-10-12T16:06:35 IST" duration-ms="11" status="PASS">
          <params>
            <param index="0">
              <value>
                <![CDATA[public void com.testpage.HomePageTest.Home_Page_Test() throws java.lang.InterruptedException]]>
              </value>
            </param>
            <param index="1">
              <value>
                <![CDATA[[TestResult name=Home_Page_Test status=SUCCESS method=HomePageTest.Home_Page_Test()[pri:0, instance:com.testpage.HomePageTest@1a75e76a] output={null}]]]>
              </value>
            </param>
          </params>
          <reporter-output>
          </reporter-output>
        </test-method> <!-- generateTestStatus -->
        <test-method is-config="true" signature="closeBrowser()[pri:0, instance:com.testpage.HomePageTest@1a75e76a]" started-at="2023-10-12T16:06:35 IST" name="closeBrowser" finished-at="2023-10-12T16:06:37 IST" duration-ms="1430" status="PASS">
          <reporter-output>
          </reporter-output>
        </test-method> <!-- closeBrowser -->
        <test-method is-config="true" signature="generateReports()[pri:0, instance:com.testpage.HomePageTest@1a75e76a]" started-at="2023-10-12T16:06:37 IST" name="generateReports" finished-at="2023-10-12T16:06:38 IST" duration-ms="1513" status="PASS">
          <reporter-output>
          </reporter-output>
        </test-method> <!-- generateReports -->
      </class> <!-- com.testpage.HomePageTest -->
    </test> <!-- Default test -->
  </suite> <!-- Default suite -->
</testng-results>
