<?xml version="1.0" encoding="UTF-8"?>
<testng-results ignored="0" total="1" passed="1" failed="0" skipped="0">
  <reporter-output>
  </reporter-output>
  <suite started-at="2023-11-15T19:21:32 IST" name="Default suite" finished-at="2023-11-15T19:21:37 IST" duration-ms="4955">
    <groups>
    </groups>
    <test started-at="2023-11-15T19:21:32 IST" name="Default test" finished-at="2023-11-15T19:21:37 IST" duration-ms="4955">
      <class name="com.spotyshoe.Tests.AddtoCartPageTest">
        <test-method is-config="true" signature="start_browser()[pri:0, instance:com.spotyshoe.Tests.AddtoCartPageTest@5f049ea1]" started-at="2023-11-15T19:21:32 IST" name="start_browser" finished-at="2023-11-15T19:21:36 IST" duration-ms="3939" status="PASS">
          <reporter-output>
          </reporter-output>
        </test-method> <!-- start_browser -->
        <test-method signature="test_login()[pri:49, instance:com.spotyshoe.Tests.AddtoCartPageTest@5f049ea1]" started-at="2023-11-15T19:21:36 IST" name="test_login" finished-at="2023-11-15T19:21:37 IST" duration-ms="938" status="PASS">
          <reporter-output>
          </reporter-output>
        </test-method> <!-- test_login -->
      </class> <!-- com.spotyshoe.Tests.AddtoCartPageTest -->
    </test> <!-- Default test -->
  </suite> <!-- Default suite -->
</testng-results>
